2025-09-12 22:37:53,658 - root - INFO - Запуск нового бота SoftVape...
2025-09-12 22:50:56,049 - root - INFO - Запуск нового бота SoftVape...
2025-09-12 23:08:25,173 - __main__ - INFO - Бот запущен...
2025-09-12 23:08:25,174 - apscheduler.scheduler - INFO - Scheduler started
2025-09-12 23:08:37,581 - __main__ - INFO - User Бу (ID: 2062888217) started the bot
2025-09-12 23:08:56,326 - __main__ - INFO - User Бу (ID: 2062888217) started the bot
2025-09-12 23:08:59,423 - __main__ - INFO - User Бу (ID: 2062888217) started the bot
2025-09-12 23:21:43,174 - root - INFO - Запуск нового бота SoftVape...
2025-09-12 23:21:43,177 - main - INFO - Бот запущен...
2025-09-12 23:21:43,177 - apscheduler.scheduler - INFO - Scheduler started
2025-09-12 23:21:43,947 - main - INFO - User Бу (ID: 2062888217) started the bot
2025-09-12 23:21:49,195 - main - INFO - User Бу (ID: 2062888217) started the bot
2025-09-12 23:21:51,010 - main - INFO - User Бу (ID: 2062888217) started the bot
2025-09-12 23:21:52,508 - main - INFO - User Бу (ID: 2062888217) started the bot
2025-09-12 23:23:56,382 - __main__ - INFO - Бот запущен...
2025-09-12 23:23:56,383 - apscheduler.scheduler - INFO - Scheduler started
2025-09-12 23:30:57,958 - root - INFO - Запуск нового бота SoftVape...
2025-09-12 23:30:57,961 - main - INFO - Бот запущен...
2025-09-12 23:30:57,961 - apscheduler.scheduler - INFO - Scheduler started
2025-09-12 23:31:06,209 - main - INFO - User Бу (ID: 2062888217) started the bot
2025-09-12 23:31:35,139 - main - INFO - User Бу (ID: 2062888217) started the bot
2025-09-12 23:32:17,413 - main - INFO - User Kwinki (ID: 8103032092) started the bot
2025-09-12 23:32:40,971 - main - INFO - User Kwinki (ID: 8103032092) started the bot
2025-09-12 23:34:40,829 - main - INFO - User Margarita (ID: 5770371242) started the bot
2025-09-12 23:34:49,106 - main - INFO - User Margarita (ID: 5770371242) started the bot
2025-09-12 23:34:53,502 - main - INFO - User Margarita (ID: 5770371242) started the bot
2025-09-12 23:34:56,748 - main - INFO - User Margarita (ID: 5770371242) started the bot
2025-09-12 23:42:09,644 - main - INFO - User Бу (ID: 2062888217) started the bot
2025-09-12 23:42:12,062 - main - INFO - User Бу (ID: 2062888217) started the bot
2025-09-12 23:42:13,416 - main - INFO - User Бу (ID: 2062888217) started the bot
2025-09-12 23:45:31,104 - main - INFO - User Бу (ID: 2062888217) started the bot
2025-09-12 23:46:10,563 - main - ERROR - Error processing CSV: 'utf-8' codec can't decode byte 0xc2 in position 41: invalid continuation byte
2025-09-12 23:46:23,280 - main - INFO - User Бу (ID: 2062888217) started the bot
2025-09-12 23:48:56,435 - main - ERROR - Error processing CSV: 'utf-8' codec can't decode byte 0xce in position 42: invalid continuation byte
2025-09-12 23:49:01,567 - main - INFO - User Бу (ID: 2062888217) started the bot
2025-09-12 23:51:44,154 - main - INFO - User Бу (ID: 2062888217) started the bot
2025-09-12 23:51:50,137 - main - INFO - User Бу (ID: 2062888217) started the bot
2025-09-12 23:52:01,653 - main - INFO - User Бу (ID: 2062888217) started the bot
2025-09-12 23:52:06,400 - main - INFO - User Бу (ID: 2062888217) started the bot
2025-09-12 23:52:13,615 - main - INFO - User Бу (ID: 2062888217) started the bot
2025-09-12 23:54:09,195 - main - INFO - User Бу (ID: 2062888217) started the bot
2025-09-13 00:02:00,988 - root - INFO - Запуск нового бота SoftVape...
2025-09-13 00:02:56,051 - root - INFO - Запуск нового бота SoftVape...
2025-09-13 00:02:56,054 - main - INFO - Бот запущен...
2025-09-13 00:02:56,054 - apscheduler.scheduler - INFO - Scheduler started
2025-09-13 00:03:30,086 - main - INFO - User Бу (ID: 2062888217) started the bot
2025-09-13 00:08:23,206 - main - INFO - User Бу (ID: 2062888217) started the bot
2025-09-13 00:08:59,916 - root - INFO - Запуск нового бота SoftVape...
2025-09-13 00:08:59,918 - main - INFO - Бот запущен...
2025-09-13 00:08:59,919 - apscheduler.scheduler - INFO - Scheduler started
2025-09-13 00:11:30,471 - root - INFO - Запуск нового бота SoftVape...
2025-09-13 00:11:30,474 - main - INFO - Бот запущен...
2025-09-13 00:11:30,475 - apscheduler.scheduler - INFO - Scheduler started
2025-09-13 00:11:36,184 - main - INFO - User Бу (ID: 2062888217) started the bot
2025-09-13 00:15:22,899 - root - INFO - Запуск нового бота SoftVape...
2025-09-13 00:15:22,902 - main - INFO - Бот запущен...
2025-09-13 00:15:22,902 - apscheduler.scheduler - INFO - Scheduler started
2025-09-13 00:15:25,915 - main - INFO - User Бу (ID: 2062888217) started the bot
2025-09-13 00:15:38,669 - main - INFO - User Бу (ID: 2062888217) started the bot
2025-09-13 00:18:35,749 - __main__ - INFO - Бот запущен...
2025-09-13 00:18:35,749 - apscheduler.scheduler - INFO - Scheduler started
2025-09-13 00:18:37,997 - root - INFO - Запуск нового бота SoftVape...
2025-09-13 00:18:38,000 - main - INFO - Бот запущен...
2025-09-13 00:18:38,001 - apscheduler.scheduler - INFO - Scheduler started
2025-09-13 00:18:43,594 - main - INFO - User Бу (ID: 2062888217) started the bot
2025-09-13 00:18:53,032 - main - INFO - User Бу canceled the conversation.
2025-09-13 00:21:39,875 - root - INFO - Запуск нового бота SoftVape...
2025-09-13 00:21:39,877 - main - INFO - Бот запущен...
2025-09-13 00:21:39,878 - apscheduler.scheduler - INFO - Scheduler started
2025-09-13 00:22:03,029 - main - INFO - User Kwinki (ID: 8103032092) started the bot
2025-09-13 00:22:50,057 - main - INFO - User Margarita (ID: 5770371242) started the bot
2025-09-13 00:23:06,874 - main - INFO - User Margarita (ID: 5770371242) started the bot
2025-09-13 00:23:11,091 - main - INFO - User Margarita (ID: 5770371242) started the bot
2025-09-13 00:23:11,281 - main - INFO - User Бу (ID: 2062888217) started the bot
2025-09-13 00:23:30,724 - main - INFO - User Margarita canceled the conversation.
2025-09-13 00:23:32,310 - main - INFO - User Margarita (ID: 5770371242) started the bot
2025-09-13 00:23:38,577 - main - INFO - Processing order for user 2062888217
2025-09-13 00:23:38,578 - main - INFO - Cart: {'ВОЗОЛ 20000': 1}
2025-09-13 00:23:38,579 - main - ERROR - Update {'update_id': 634370309, 'message': {'delete_chat_photo': False, 'new_chat_photo': [], 'new_chat_members': [], 'text': 'Да', 'message_id': 285, 'entities': [], 'channel_chat_created': False, 'group_chat_created': False, 'chat': {'first_name': 'Бу', 'username': 'Wixit666', 'type': 'private', 'id': 2062888217}, 'supergroup_chat_created': False, 'date': 1757712220, 'caption_entities': [], 'photo': [], 'from': {'is_bot': False, 'id': 2062888217, 'first_name': 'Бу', 'language_code': 'ru', 'is_premium': True, 'username': 'Wixit666'}}} caused error 'Database' object has no attribute 'get_all_products'
2025-09-13 10:12:43,452 - root - INFO - Запуск нового бота SoftVape...
2025-09-13 10:12:43,458 - main - INFO - Бот запущен...
2025-09-13 10:12:43,459 - apscheduler.scheduler - INFO - Scheduler started
2025-09-13 10:12:47,919 - main - INFO - User Бу (ID: 2062888217) started the bot
2025-09-13 10:13:06,038 - main - INFO - User Бу (ID: 2062888217) started the bot
2025-09-13 10:13:37,441 - main - INFO - Processing order for user 2062888217
2025-09-13 10:13:37,442 - main - INFO - Cart: {'ВОЗОЛ 20000': 1}
2025-09-13 10:13:37,443 - main - INFO - All products count: 8
2025-09-13 10:13:37,443 - utils.helpers - INFO - Calculating total for cart: {'ВОЗОЛ 20000': 1}
2025-09-13 10:13:37,444 - utils.helpers - INFO - Product: ВОЗОЛ 20000, Qty: 1, Price: 1000.0
2025-09-13 10:13:37,444 - utils.helpers - INFO - Total calculated: 1000.0
2025-09-13 10:13:37,444 - main - INFO - Total price: 1000.0
2025-09-13 10:13:37,449 - database - INFO - Order #1 saved successfully for user 2062888217
2025-09-13 10:13:37,450 - main - INFO - Order saved with ID: 1
2025-09-13 10:13:37,641 - main - INFO - Admin notification sent
2025-09-13 10:13:37,647 - main - INFO - Cart cleared
2025-09-13 10:14:16,046 - main - INFO - User Бу (ID: 2062888217) started the bot
2025-09-13 10:14:54,253 - main - INFO - User Бу (ID: 2062888217) started the bot
2025-09-13 10:26:00,481 - root - INFO - Запуск нового бота SoftVape...
2025-09-13 10:27:32,486 - root - INFO - Запуск нового бота SoftVape...
2025-09-13 10:27:32,493 - main - INFO - Бот запущен...
2025-09-13 10:27:32,494 - apscheduler.scheduler - INFO - Scheduler started
2025-09-13 10:27:40,333 - main - INFO - User Бу (ID: 2062888217) started the bot
2025-09-13 10:27:49,538 - main - INFO - User Бу (ID: 2062888217) started the bot
2025-09-13 10:28:21,264 - main - INFO - User Бу (ID: 2062888217) started the bot
2025-09-13 10:42:23,991 - root - INFO - Запуск нового бота SoftVape...
2025-09-13 10:42:23,994 - main - INFO - Бот запущен...
2025-09-13 10:42:23,995 - apscheduler.scheduler - INFO - Scheduler started
2025-09-13 10:42:28,777 - main - INFO - User Бу (ID: 2062888217) started the bot
2025-09-13 10:51:14,012 - root - INFO - Запуск нового бота SoftVape...
2025-09-13 10:51:14,015 - main - INFO - Бот запущен...
2025-09-13 10:51:14,016 - apscheduler.scheduler - INFO - Scheduler started
2025-09-13 10:56:49,224 - root - INFO - Запуск нового бота SoftVape...
2025-09-13 10:56:49,227 - main - INFO - Бот запущен...
2025-09-13 10:56:49,228 - apscheduler.scheduler - INFO - Scheduler started
2025-09-13 11:16:35,552 - main - ERROR - Update {'message': {'entities': [{'type': 'bot_command', 'length': 5, 'offset': 0}], 'delete_chat_photo': False, 'new_chat_members': [], 'group_chat_created': False, 'caption_entities': [], 'supergroup_chat_created': False, 'channel_chat_created': False, 'date': 1757751401, 'text': '/stop', 'message_id': 437, 'chat': {'first_name': 'Бу', 'id': 2062888217, 'type': 'private', 'username': 'Wixit666'}, 'new_chat_photo': [], 'photo': [], 'from': {'language_code': 'ru', 'id': 2062888217, 'is_premium': True, 'username': 'Wixit666', 'is_bot': False, 'first_name': 'Бу'}}, 'update_id': 634370375} caused error urllib3 HTTPError ('Connection aborted.', ConnectionResetError(10054, 'Удаленный хост принудительно разорвал существующее подключение', None, 10054, None))
2025-09-13 11:17:00,179 - main - INFO - User Бу (ID: 2062888217) started the bot
2025-09-13 11:21:42,108 - root - INFO - Запуск нового бота SoftVape...
2025-09-13 12:08:42,500 - root - INFO - Запуск нового бота SoftVape...
2025-09-13 12:08:42,503 - main - INFO - Бот запущен...
2025-09-13 12:08:42,503 - apscheduler.scheduler - INFO - Scheduler started
2025-09-13 12:08:55,174 - main - INFO - User Бу (ID: 2062888217) started the bot
2025-09-13 12:09:05,849 - main - INFO - User Бу canceled the conversation.
2025-09-13 12:15:23,432 - root - INFO - Запуск нового бота SoftVape...
2025-09-13 12:26:09,132 - root - INFO - Запуск нового бота SoftVape...
2025-09-13 12:31:50,752 - root - INFO - Запуск нового бота SoftVape...
2025-09-13 12:39:23,063 - root - INFO - Запуск нового бота SoftVape...
2025-09-13 12:41:45,625 - root - INFO - Запуск нового бота SoftVape...
2025-09-13 12:41:45,628 - main - INFO - Бот запущен...
2025-09-13 12:41:45,629 - apscheduler.scheduler - INFO - Scheduler started
2025-09-13 12:42:11,319 - main - INFO - User Бу (ID: 2062888217) started the bot
2025-09-13 12:42:27,652 - main - INFO - User Бу canceled the conversation.
2025-09-13 12:42:29,280 - main - INFO - User Бу (ID: 2062888217) started the bot
2025-09-13 12:42:37,600 - main - INFO - User Бу canceled the conversation.
2025-09-13 12:43:09,244 - main - INFO - User Бу (ID: 2062888217) started the bot
2025-09-13 12:46:10,087 - root - INFO - Запуск нового бота SoftVape...
2025-09-13 12:46:10,090 - main - INFO - Бот запущен...
2025-09-13 12:46:10,090 - apscheduler.scheduler - INFO - Scheduler started
2025-09-13 12:46:10,968 - telegram.ext.updater - ERROR - Error while getting Updates: Conflict: terminated by other getUpdates request; make sure that only one bot instance is running
2025-09-13 12:46:15,032 - telegram.ext.updater - ERROR - Error while getting Updates: Conflict: terminated by other getUpdates request; make sure that only one bot instance is running
2025-09-13 12:46:15,033 - main - ERROR - Update None caused error Conflict: terminated by other getUpdates request; make sure that only one bot instance is running
2025-09-13 12:46:16,101 - telegram.ext.updater - ERROR - Error while getting Updates: Conflict: terminated by other getUpdates request; make sure that only one bot instance is running
2025-09-13 12:46:20,167 - telegram.ext.updater - ERROR - Error while getting Updates: Conflict: terminated by other getUpdates request; make sure that only one bot instance is running
2025-09-13 12:46:20,167 - main - ERROR - Update None caused error Conflict: terminated by other getUpdates request; make sure that only one bot instance is running
2025-09-13 12:46:21,741 - telegram.ext.updater - ERROR - Error while getting Updates: Conflict: terminated by other getUpdates request; make sure that only one bot instance is running
2025-09-13 12:46:26,307 - telegram.ext.updater - ERROR - Error while getting Updates: Conflict: terminated by other getUpdates request; make sure that only one bot instance is running
2025-09-13 12:46:26,308 - main - ERROR - Update None caused error Conflict: terminated by other getUpdates request; make sure that only one bot instance is running
2025-09-13 12:46:28,626 - telegram.ext.updater - ERROR - Error while getting Updates: Conflict: terminated by other getUpdates request; make sure that only one bot instance is running
2025-09-13 12:46:32,691 - telegram.ext.updater - ERROR - Error while getting Updates: Conflict: terminated by other getUpdates request; make sure that only one bot instance is running
2025-09-13 12:46:32,692 - main - ERROR - Update None caused error Conflict: terminated by other getUpdates request; make sure that only one bot instance is running
2025-09-13 12:46:36,135 - telegram.ext.updater - ERROR - Error while getting Updates: Conflict: terminated by other getUpdates request; make sure that only one bot instance is running
2025-09-13 12:46:40,200 - telegram.ext.updater - ERROR - Error while getting Updates: Conflict: terminated by other getUpdates request; make sure that only one bot instance is running
2025-09-13 12:46:40,201 - main - ERROR - Update None caused error Conflict: terminated by other getUpdates request; make sure that only one bot instance is running
2025-09-13 12:46:45,333 - telegram.ext.updater - ERROR - Error while getting Updates: Conflict: terminated by other getUpdates request; make sure that only one bot instance is running
2025-09-13 12:46:49,899 - telegram.ext.updater - ERROR - Error while getting Updates: Conflict: terminated by other getUpdates request; make sure that only one bot instance is running
2025-09-13 12:46:49,900 - main - ERROR - Update None caused error Conflict: terminated by other getUpdates request; make sure that only one bot instance is running
2025-09-13 12:46:57,560 - telegram.ext.updater - ERROR - Error while getting Updates: Conflict: terminated by other getUpdates request; make sure that only one bot instance is running
2025-09-13 12:47:01,623 - telegram.ext.updater - ERROR - Error while getting Updates: Conflict: terminated by other getUpdates request; make sure that only one bot instance is running
2025-09-13 12:47:01,623 - main - ERROR - Update None caused error Conflict: terminated by other getUpdates request; make sure that only one bot instance is running
2025-09-13 12:47:13,082 - telegram.ext.updater - ERROR - Error while getting Updates: Conflict: terminated by other getUpdates request; make sure that only one bot instance is running
2025-09-13 12:47:17,146 - telegram.ext.updater - ERROR - Error while getting Updates: Conflict: terminated by other getUpdates request; make sure that only one bot instance is running
2025-09-13 12:47:17,147 - main - ERROR - Update None caused error Conflict: terminated by other getUpdates request; make sure that only one bot instance is running
2025-09-13 12:47:34,301 - telegram.ext.updater - ERROR - Error while getting Updates: Conflict: terminated by other getUpdates request; make sure that only one bot instance is running
2025-09-13 12:47:38,369 - telegram.ext.updater - ERROR - Error while getting Updates: Conflict: terminated by other getUpdates request; make sure that only one bot instance is running
2025-09-13 12:47:38,370 - main - ERROR - Update None caused error Conflict: terminated by other getUpdates request; make sure that only one bot instance is running
2025-09-13 12:48:14,118 - root - INFO - Запуск нового бота SoftVape...
2025-09-13 12:48:14,825 - main - INFO - Webhook удален, переходим на polling
2025-09-13 12:48:14,832 - main - INFO - Бот запущен...
2025-09-13 12:48:14,832 - apscheduler.scheduler - INFO - Scheduler started
2025-09-13 12:48:23,457 - main - INFO - User Бу (ID: 2062888217) started the bot
2025-09-13 12:48:28,246 - main - INFO - User Бу (ID: 2062888217) started the bot
2025-09-13 12:49:10,867 - main - INFO - All bot instances stopped by admin command
2025-09-13 12:50:19,605 - root - INFO - Запуск нового бота SoftVape...
2025-09-13 12:50:20,312 - main - INFO - Webhook удален, переходим на polling
2025-09-13 12:50:20,314 - main - INFO - Бот запущен...
2025-09-13 12:50:20,315 - apscheduler.scheduler - INFO - Scheduler started
2025-09-13 12:50:26,049 - main - INFO - User Бу (ID: 2062888217) started the bot
2025-09-13 12:51:31,035 - main - INFO - All bot instances stopped by admin command
2025-09-13 12:53:47,999 - root - INFO - Запуск нового бота SoftVape...
2025-09-13 12:53:48,699 - main - INFO - Webhook удален, переходим на polling
2025-09-13 12:53:48,702 - main - INFO - Бот запущен...
2025-09-13 12:53:48,702 - apscheduler.scheduler - INFO - Scheduler started
2025-09-13 12:54:00,872 - main - INFO - User Бу (ID: 2062888217) started the bot
2025-09-13 12:54:13,621 - main - INFO - User Бу (ID: 2062888217) started the bot
2025-09-13 12:54:20,711 - main - INFO - User Бу (ID: 2062888217) started the bot
2025-09-13 12:56:26,524 - root - INFO - Запуск нового бота SoftVape...
2025-09-13 12:56:27,242 - main - INFO - Webhook удален, переходим на polling
2025-09-13 12:56:27,248 - main - INFO - Бот запущен...
2025-09-13 12:56:27,249 - apscheduler.scheduler - INFO - Scheduler started
2025-09-13 12:56:32,126 - main - INFO - User Бу (ID: 2062888217) started the bot
2025-09-13 12:58:56,094 - root - INFO - Запуск нового бота SoftVape...
2025-09-13 12:58:56,817 - main - INFO - Webhook удален, переходим на polling
2025-09-13 12:58:56,821 - main - INFO - Бот запущен...
2025-09-13 12:58:56,822 - apscheduler.scheduler - INFO - Scheduler started
2025-09-13 12:59:01,449 - main - INFO - User Бу (ID: 2062888217) started the bot
2025-09-13 12:59:09,305 - main - INFO - Showing orders with status: pending
2025-09-13 12:59:09,306 - main - INFO - Found 1 orders
2025-09-13 12:59:11,194 - main - INFO - Admin action: '1' from user 2062888217
2025-09-13 12:59:13,220 - main - INFO - Showing orders with status: completed
2025-09-13 12:59:13,220 - main - INFO - Found 0 orders
2025-09-13 12:59:29,996 - main - INFO - Showing orders with status: pending
2025-09-13 12:59:29,996 - main - INFO - Found 1 orders
2025-09-13 12:59:32,181 - main - INFO - Admin action: '1' from user 2062888217
2025-09-13 12:59:40,526 - main - INFO - User Бу (ID: 2062888217) started the bot
2025-09-13 13:01:49,890 - root - INFO - Запуск нового бота SoftVape...
2025-09-13 13:01:50,620 - main - INFO - Webhook удален, переходим на polling
2025-09-13 13:01:50,625 - main - INFO - Бот запущен...
2025-09-13 13:01:50,625 - apscheduler.scheduler - INFO - Scheduler started
2025-09-13 13:01:55,191 - main - INFO - Admin action: ' -' from user 2062888217
2025-09-13 13:01:57,123 - main - INFO - User Бу (ID: 2062888217) started the bot
2025-09-13 13:02:01,159 - main - INFO - Admin action: ' ' from user 2062888217
2025-09-13 13:02:02,685 - main - INFO - Admin action: '  ' from user 2062888217
2025-09-13 13:02:02,686 - main - INFO - Showing orders with status: pending
2025-09-13 13:02:02,686 - main - INFO - Found 1 orders
2025-09-13 13:02:03,925 - main - INFO - Admin action: '1' from user 2062888217
2025-09-13 13:02:06,883 - main - INFO - Admin action: '  ' from user 2062888217
2025-09-13 13:02:06,992 - main - INFO - Order 1 marked as completed by admin 2062888217
2025-09-13 13:02:09,597 - main - INFO - Admin action: ' ' from user 2062888217
2025-09-13 13:02:43,674 - main - INFO - Admin action: '   ' from user 8103032092
2025-09-13 13:02:58,179 - main - INFO - User Kwinki (ID: 8103032092) started the bot
2025-09-13 13:03:12,944 - main - INFO - Processing order for user 8103032092
2025-09-13 13:03:12,945 - main - INFO - Cart: {'ВОЗОЛ 20000': 1}
2025-09-13 13:03:12,946 - main - INFO - All products count: 8
2025-09-13 13:03:12,947 - utils.helpers - INFO - Calculating total for cart: {'ВОЗОЛ 20000': 1}
2025-09-13 13:03:12,947 - utils.helpers - INFO - Product: ВОЗОЛ 20000, Qty: 1, Price: 1000.0
2025-09-13 13:03:12,947 - utils.helpers - INFO - Total calculated: 1000.0
2025-09-13 13:03:12,948 - main - INFO - Total price: 1000.0
2025-09-13 13:03:12,955 - database - INFO - Order #2 saved successfully for user 8103032092
2025-09-13 13:03:12,955 - main - INFO - Order saved with ID: 2
2025-09-13 13:03:13,135 - main - INFO - Admin notification sent
2025-09-13 13:03:13,142 - main - INFO - Cart cleared
2025-09-13 13:03:28,017 - main - INFO - Admin action: ' ' from user 2062888217
2025-09-13 13:03:31,459 - main - INFO - Admin action: '  ' from user 2062888217
2025-09-13 13:03:31,460 - main - INFO - Showing orders with status: pending
2025-09-13 13:03:31,460 - main - INFO - Found 1 orders
2025-09-13 13:03:32,766 - main - INFO - Admin action: '1' from user 2062888217
2025-09-13 13:03:44,891 - main - INFO - Admin action: '  ' from user 2062888217
2025-09-13 13:03:44,975 - main - INFO - Order 2 marked as completed by admin 2062888217
2025-09-13 13:04:01,842 - main - INFO - Admin action: '  ' from user 2062888217
2025-09-13 13:04:02,870 - main - INFO - Admin action: ' , ' from user 2062888217
2025-09-13 13:04:06,049 - main - INFO - Admin action: '  ' from user 2062888217
2025-09-13 13:04:06,049 - main - INFO - User Бу (ID: 2062888217) started the bot
2025-09-13 13:04:07,084 - main - INFO - Admin action: '' from user 2062888217
2025-09-13 13:04:11,427 - main - INFO - Admin action: '  ' from user 2062888217
2025-09-13 13:04:11,428 - main - INFO - User Бу (ID: 2062888217) started the bot
2025-09-13 13:04:12,382 - main - INFO - Admin action: '' from user 2062888217
2025-09-13 13:04:13,377 - main - INFO - Admin action: '  ' from user 2062888217
2025-09-13 13:04:13,377 - main - INFO - User Бу (ID: 2062888217) started the bot
2025-09-13 13:04:14,293 - main - INFO - Admin action: '' from user 2062888217
2025-09-13 13:04:15,345 - main - INFO - Admin action: '  ' from user 2062888217
2025-09-13 13:04:15,346 - main - INFO - User Бу (ID: 2062888217) started the bot
2025-09-13 13:04:20,111 - main - INFO - User Kwinki (ID: 8103032092) started the bot
2025-09-13 13:04:59,308 - main - INFO - Processing order for user 8103032092
2025-09-13 13:04:59,309 - main - INFO - Cart: {'РИФ БАР 25000': 1}
2025-09-13 13:04:59,309 - main - INFO - All products count: 8
2025-09-13 13:04:59,309 - utils.helpers - INFO - Calculating total for cart: {'РИФ БАР 25000': 1}
2025-09-13 13:04:59,309 - utils.helpers - INFO - Product: РИФ БАР 25000, Qty: 1, Price: 1000.0
2025-09-13 13:04:59,309 - utils.helpers - INFO - Total calculated: 1000.0
2025-09-13 13:04:59,309 - main - INFO - Total price: 1000.0
2025-09-13 13:04:59,313 - database - INFO - Order #3 saved successfully for user 8103032092
2025-09-13 13:04:59,313 - main - INFO - Order saved with ID: 3
2025-09-13 13:04:59,623 - main - INFO - Admin notification sent
2025-09-13 13:04:59,629 - main - INFO - Cart cleared
2025-09-13 13:05:06,184 - main - INFO - Admin action: ' -' from user 2062888217
2025-09-13 13:05:07,878 - main - INFO - Admin action: ' ' from user 2062888217
2025-09-13 13:05:07,879 - main - INFO - Showing orders with status: cancelled
2025-09-13 13:05:07,879 - main - INFO - Found 0 orders
2025-09-13 13:05:09,239 - main - INFO - Admin action: '   -' from user 2062888217
2025-09-13 13:05:09,923 - main - INFO - Admin action: ' ' from user 2062888217
2025-09-13 13:05:09,923 - main - INFO - Showing orders with status: completed
2025-09-13 13:05:09,924 - main - INFO - Found 2 orders
2025-09-13 13:05:12,831 - main - INFO - Admin action: '1' from user 2062888217
2025-09-13 13:05:15,439 - main - INFO - Admin action: '   ' from user 2062888217
2025-09-13 13:05:15,439 - main - INFO - Showing orders with status: completed
2025-09-13 13:05:15,440 - main - INFO - Found 2 orders
2025-09-13 13:05:17,334 - main - INFO - Admin action: '   -' from user 2062888217
2025-09-13 13:05:18,643 - main - INFO - Admin action: '  ' from user 2062888217
2025-09-13 13:05:18,643 - main - INFO - Showing orders with status: pending
2025-09-13 13:05:18,644 - main - INFO - Found 1 orders
2025-09-13 13:05:19,714 - main - INFO - Admin action: '1' from user 2062888217
2025-09-13 13:05:21,262 - main - INFO - Admin action: '  ' from user 2062888217
2025-09-13 13:05:21,356 - main - INFO - Order 3 cancelled by admin 2062888217
2025-09-13 13:05:23,351 - main - INFO - Admin action: ' ' from user 2062888217
2025-09-13 13:05:23,352 - main - INFO - Showing orders with status: cancelled
2025-09-13 13:05:23,352 - main - INFO - Found 1 orders
2025-09-13 13:05:24,266 - main - INFO - Admin action: '   -' from user 2062888217
2025-09-13 13:05:40,060 - main - INFO - Admin action: '  ' from user 2062888217
2025-09-13 13:05:40,060 - main - INFO - User Бу (ID: 2062888217) started the bot
2025-09-13 13:06:44,790 - main - INFO - Admin action: ' ' from user 5770371242
2025-09-13 13:06:48,316 - main - INFO - Admin action: '   ' from user 5770371242
2025-09-13 13:06:54,297 - main - INFO - User Margarita (ID: 5770371242) started the bot
2025-09-13 13:07:16,146 - main - INFO - Processing order for user 5770371242
2025-09-13 13:07:16,147 - main - INFO - Cart: {'РИК И МОРТИ 20мг': 1}
2025-09-13 13:07:16,147 - main - INFO - All products count: 8
2025-09-13 13:07:16,148 - utils.helpers - INFO - Calculating total for cart: {'РИК И МОРТИ 20мг': 1}
2025-09-13 13:07:16,148 - utils.helpers - INFO - Product: РИК И МОРТИ 20мг, Qty: 1, Price: 450.0
2025-09-13 13:07:16,148 - utils.helpers - INFO - Total calculated: 450.0
2025-09-13 13:07:16,148 - main - INFO - Total price: 450.0
2025-09-13 13:07:16,154 - database - INFO - Order #4 saved successfully for user 5770371242
2025-09-13 13:07:16,154 - main - INFO - Order saved with ID: 4
2025-09-13 13:07:16,370 - main - INFO - Admin notification sent
2025-09-13 13:07:16,375 - main - INFO - Cart cleared
2025-09-13 13:07:31,811 - main - INFO - Admin action: '' from user 2062888217
2025-09-13 13:07:33,144 - main - INFO - Admin action: '  ' from user 2062888217
2025-09-13 13:07:33,144 - main - INFO - User Бу (ID: 2062888217) started the bot
2025-09-13 13:07:33,726 - main - INFO - Admin action: ' -' from user 2062888217
2025-09-13 13:07:35,945 - main - INFO - Admin action: '  ' from user 2062888217
2025-09-13 13:07:35,946 - main - INFO - Showing orders with status: pending
2025-09-13 13:07:35,946 - main - INFO - Found 1 orders
2025-09-13 13:07:36,846 - main - INFO - Admin action: '1' from user 2062888217
2025-09-13 13:11:15,131 - root - INFO - Запуск нового бота SoftVape...
2025-09-13 13:11:15,886 - main - INFO - Webhook удален, переходим на polling
2025-09-13 13:11:15,892 - main - INFO - Бот запущен...
2025-09-13 13:11:15,893 - apscheduler.scheduler - INFO - Scheduler started
2025-09-13 13:11:23,093 - main - INFO - Admin action: '   ' from user 2062888217
2025-09-13 13:11:28,334 - main - INFO - Admin action: '  ' from user 2062888217
2025-09-13 13:11:28,334 - main - INFO - User Бу (ID: 2062888217) started the bot
2025-09-13 13:11:29,212 - main - INFO - Admin action: ' -' from user 2062888217
2025-09-13 13:11:32,366 - main - INFO - Admin action: '  ' from user 2062888217
2025-09-13 13:11:34,729 - main - INFO - Admin action: '   ' from user 2062888217
2025-09-13 13:11:36,003 - main - INFO - Admin action: ' , ' from user 2062888217
2025-09-13 13:11:38,058 - main - INFO - Admin action: '  ' from user 2062888217
2025-09-13 13:11:38,921 - main - INFO - Admin action: '  ' from user 2062888217
2025-09-13 13:11:41,056 - main - INFO - Admin action: '   -' from user 2062888217
2025-09-13 13:11:42,305 - main - INFO - Admin action: '  ' from user 2062888217
2025-09-13 13:11:44,393 - main - INFO - Admin action: '   -' from user 2062888217
2025-09-13 13:12:13,533 - main - INFO - All bot instances stopped by admin command
2025-09-13 13:13:50,472 - root - INFO - Запуск нового бота SoftVape...
2025-09-13 13:13:51,273 - main - INFO - Webhook удален, переходим на polling
2025-09-13 13:13:51,276 - main - INFO - Бот запущен...
2025-09-13 13:13:51,276 - apscheduler.scheduler - INFO - Scheduler started
2025-09-13 13:13:59,160 - main - INFO - User Бу (ID: 2062888217) started the bot
2025-09-13 13:14:01,741 - main - INFO - Admin action: '  ' from user 2062888217
2025-09-13 13:14:03,087 - main - INFO - Admin action: '  ' from user 2062888217
2025-09-13 13:14:04,440 - main - INFO - Admin action: '   -' from user 2062888217
2025-09-13 13:14:05,698 - main - INFO - Admin action: '  ' from user 2062888217
2025-09-13 13:14:07,750 - main - INFO - Admin action: '   ' from user 2062888217
2025-09-13 13:14:08,626 - main - INFO - Admin action: ' , ' from user 2062888217
2025-09-13 13:14:08,643 - main - INFO - Starting products clearing process
2025-09-13 13:14:08,643 - main - INFO - Backup products count: 8
2025-09-13 13:14:08,644 - main - ERROR - Error creating backup: name 'CSV_DIR' is not defined
2025-09-13 13:14:08,646 - main - INFO - Products count before clearing: 8
2025-09-13 13:14:08,648 - main - INFO - Products count after clearing: 0
2025-09-13 13:14:08,779 - main - INFO - Products cleared successfully: 8 items removed
2025-09-13 13:14:11,108 - main - INFO - Admin action: '  ' from user 2062888217
2025-09-13 13:14:12,506 - main - INFO - Admin action: '  ' from user 2062888217
2025-09-13 13:14:14,677 - main - INFO - Admin action: '   -' from user 2062888217
2025-09-13 13:14:20,675 - main - INFO - User Kwinki (ID: 8103032092) started the bot
2025-09-13 14:13:47,625 - root - INFO - Запуск нового бота SoftVape...
2025-09-13 14:13:48,309 - main - INFO - Webhook удален, переходим на polling
2025-09-13 14:13:48,316 - main - INFO - Бот запущен...
2025-09-13 14:13:48,317 - apscheduler.scheduler - INFO - Scheduler started
2025-09-13 14:13:56,185 - main - INFO - User Бу (ID: 2062888217) started the bot
2025-09-13 14:14:01,676 - main - INFO - User Бу (ID: 2062888217) started the bot
2025-09-13 14:14:08,972 - main - INFO - Admin action: ' ' from user 2062888217
2025-09-13 14:14:11,910 - main - INFO - Admin action: '  ' from user 2062888217
2025-09-13 14:14:11,910 - main - INFO - User Бу (ID: 2062888217) started the bot
2025-09-13 14:14:13,107 - main - INFO - Admin action: ' -' from user 2062888217
2025-09-13 14:14:14,640 - main - INFO - Admin action: ' ' from user 2062888217
2025-09-13 14:14:14,640 - main - INFO - Showing orders with status: completed
2025-09-13 14:14:14,641 - main - INFO - Found 2 orders
2025-09-13 14:14:16,102 - main - INFO - Admin action: '   -' from user 2062888217
2025-09-13 14:14:17,110 - main - INFO - Admin action: '  ' from user 2062888217
2025-09-13 14:14:17,111 - main - INFO - Showing orders with status: pending
2025-09-13 14:14:17,111 - main - INFO - Found 1 orders
2025-09-13 14:14:18,175 - main - INFO - Admin action: '   -' from user 2062888217
2025-09-13 14:14:19,146 - main - INFO - Admin action: '  ' from user 2062888217
2025-09-13 14:14:19,146 - main - INFO - Showing orders with status: pending
2025-09-13 14:14:19,147 - main - INFO - Found 1 orders
2025-09-13 14:14:20,119 - main - INFO - Admin action: '1' from user 2062888217
2025-09-13 14:14:21,737 - main - INFO - Admin action: '  ' from user 2062888217
2025-09-13 14:14:21,835 - main - INFO - Order 4 cancelled by admin 2062888217
2025-09-13 14:14:23,800 - main - INFO - Admin action: '  ' from user 2062888217
2025-09-13 14:14:25,755 - main - INFO - Admin action: '  ' from user 2062888217
2025-09-13 14:14:27,060 - main - INFO - Admin action: '  ' from user 2062888217
2025-09-13 14:14:28,269 - main - INFO - Admin action: '   -' from user 2062888217
2025-09-13 14:14:28,925 - main - INFO - Admin action: '  ' from user 2062888217
2025-09-13 14:14:28,926 - main - INFO - User Бу (ID: 2062888217) started the bot
2025-09-13 14:16:31,395 - main - INFO - User Бу (ID: 2062888217) started the bot
2025-09-13 14:16:51,321 - main - INFO - All bot instances stopped by admin command
2025-09-13 14:20:55,733 - root - INFO - Запуск нового бота SoftVape...
2025-09-13 14:21:16,395 - root - INFO - Запуск нового бота SoftVape...
2025-09-13 14:21:17,096 - main - INFO - Webhook удален, переходим на polling
2025-09-13 14:21:17,102 - main - INFO - Бот запущен...
2025-09-13 14:21:17,103 - apscheduler.scheduler - INFO - Scheduler started
2025-09-13 14:21:33,154 - main - INFO - All bot instances stopped by admin command
2025-09-13 14:21:52,408 - root - INFO - Запуск нового бота SoftVape...
2025-09-13 14:21:53,138 - main - INFO - Webhook удален, переходим на polling
2025-09-13 14:21:59,780 - root - INFO - Запуск нового бота SoftVape...
2025-09-13 14:22:00,468 - main - INFO - Webhook удален, переходим на polling
2025-09-13 14:22:00,471 - main - INFO - Бот запущен...
2025-09-13 14:22:00,472 - apscheduler.scheduler - INFO - Scheduler started
2025-09-13 14:22:42,631 - root - INFO - Запуск нового бота SoftVape...
2025-09-13 14:22:42,647 - main - INFO - Бот запущен...
2025-09-13 14:22:42,648 - apscheduler.scheduler - INFO - Scheduler started
2025-09-13 14:22:45,403 - main - INFO - User Бу (ID: 2062888217) started the bot
2025-09-13 14:22:52,575 - main - INFO - User Бу (ID: 2062888217) started the bot
2025-09-13 14:27:39,170 - root - INFO - Запуск нового бота SoftVape...
2025-09-13 14:27:39,186 - main - INFO - Бот запущен...
2025-09-13 14:27:39,187 - apscheduler.scheduler - INFO - Scheduler started
2025-09-13 14:27:42,441 - main - INFO - User Бу (ID: 2062888217) started the bot
2025-09-13 14:27:47,946 - main - INFO - User Бу (ID: 2062888217) started the bot
2025-09-13 14:27:51,455 - main - INFO - Admin action: '  ' from user 2062888217
2025-09-13 14:27:51,456 - main - INFO - Showing orders with status: pending
2025-09-13 14:27:51,457 - main - INFO - Found 0 orders
2025-09-13 14:27:53,690 - main - INFO - Admin action: ' ' from user 2062888217
2025-09-13 14:27:53,691 - main - INFO - Showing orders with status: completed
2025-09-13 14:27:53,692 - main - INFO - Found 2 orders
2025-09-13 14:27:56,694 - main - INFO - Admin action: '  ' from user 2062888217
2025-09-13 14:27:58,030 - main - INFO - User Бу (ID: 2062888217) started the bot
2025-09-13 14:28:06,677 - main - INFO - User Бу (ID: 2062888217) started the bot
2025-09-13 14:39:50,069 - root - INFO - Запуск нового бота SoftVape...
2025-09-13 14:39:50,083 - main - INFO - Бот запущен...
2025-09-13 14:39:50,083 - apscheduler.scheduler - INFO - Scheduler started
2025-09-13 14:39:56,895 - main - INFO - User Бу (ID: 2062888217) started the bot
2025-09-13 14:40:00,028 - main - INFO - User 2062888217 returning to main menu
2025-09-13 14:40:00,029 - main - INFO - User Бу (ID: 2062888217) started the bot
2025-09-13 14:40:02,459 - main - INFO - User 2062888217 returning to main menu
2025-09-13 14:40:02,460 - main - INFO - User Бу (ID: 2062888217) started the bot
2025-09-13 14:40:04,077 - main - INFO - User 2062888217 returning to main menu
2025-09-13 14:40:04,078 - main - INFO - User Бу (ID: 2062888217) started the bot
2025-09-13 14:40:05,514 - main - INFO - Admin action: ' ' from user 2062888217
2025-09-13 14:40:06,958 - main - INFO - User Бу (ID: 2062888217) started the bot
2025-09-13 14:40:09,262 - main - INFO - Admin action: '  ' from user 2062888217
2025-09-13 14:40:15,552 - main - INFO - Admin action: '   ' from user 2062888217
2025-09-13 14:40:16,558 - main - INFO - Admin action: ' , ' from user 2062888217
2025-09-13 14:40:16,579 - main - INFO - Starting products clearing process
2025-09-13 14:40:16,580 - main - INFO - Backup products count: 0
2025-09-13 14:40:16,580 - main - ERROR - Error creating backup: name 'CSV_DIR' is not defined
2025-09-13 14:40:16,581 - main - INFO - Products count before clearing: 0
2025-09-13 14:40:16,582 - main - INFO - Products count after clearing: 0
2025-09-13 14:40:16,675 - main - INFO - Products cleared successfully: 0 items removed
2025-09-13 14:40:17,404 - main - INFO - User Бу (ID: 2062888217) started the bot
2025-09-13 14:41:07,792 - __main__ - INFO - Бот запущен...
2025-09-13 14:41:07,793 - apscheduler.scheduler - INFO - Scheduler started
2025-09-13 14:41:47,374 - __main__ - INFO - User Бу (ID: 2062888217) started the bot
2025-09-13 14:42:10,496 - __main__ - INFO - Бот запущен...
2025-09-13 14:42:10,497 - apscheduler.scheduler - INFO - Scheduler started
2025-09-13 14:42:27,353 - __main__ - INFO - User Бу (ID: 2062888217) started the bot
2025-09-13 14:42:31,427 - __main__ - INFO - Admin action: ' ' from user 2062888217
2025-09-13 14:42:37,456 - __main__ - INFO - Admin action: ' ' from user 2062888217
2025-09-13 14:42:37,457 - __main__ - INFO - Showing orders with status: cancelled
2025-09-13 14:42:37,458 - __main__ - INFO - Found 2 orders
2025-09-13 14:42:39,383 - __main__ - INFO - Admin action: '  ' from user 2062888217
2025-09-13 14:42:42,050 - __main__ - INFO - Admin action: '  ' from user 2062888217
2025-09-13 14:42:42,050 - __main__ - INFO - Showing orders with status: pending
2025-09-13 14:42:42,051 - __main__ - INFO - Found 0 orders
2025-09-13 14:42:43,960 - __main__ - INFO - Admin action: '  ' from user 2062888217
2025-09-13 14:42:44,995 - __main__ - INFO - Admin action: ' ' from user 2062888217
2025-09-13 14:42:44,996 - __main__ - INFO - Showing orders with status: completed
2025-09-13 14:42:44,997 - __main__ - INFO - Found 2 orders
2025-09-13 14:42:49,240 - __main__ - INFO - User Бу (ID: 2062888217) started the bot
2025-09-13 14:42:52,487 - __main__ - INFO - User Бу (ID: 2062888217) started the bot
2025-09-13 15:08:14,102 - root - INFO - Запуск нового бота SoftVape...
2025-09-13 15:08:14,117 - main - INFO - Бот запущен...
2025-09-13 15:08:14,117 - apscheduler.scheduler - INFO - Scheduler started
2025-09-13 15:08:26,158 - main - INFO - User Бу (ID: 2062888217) started the bot
2025-09-13 15:08:30,663 - main - INFO - Showing orders with status: pending
2025-09-13 15:08:30,665 - main - INFO - Found 0 orders
2025-09-13 15:08:34,811 - main - INFO - Showing orders with status: cancelled
2025-09-13 15:08:34,812 - main - INFO - Found 2 orders
2025-09-13 15:08:39,221 - main - INFO - User Бу (ID: 2062888217) started the bot
2025-09-13 15:08:40,839 - main - INFO - User 2062888217 returning to main menu
2025-09-13 15:08:40,839 - main - INFO - User Бу (ID: 2062888217) started the bot
2025-09-13 15:08:42,066 - main - INFO - User 2062888217 returning to main menu
2025-09-13 15:08:42,066 - main - INFO - User Бу (ID: 2062888217) started the bot
2025-09-13 15:08:43,085 - main - INFO - User 2062888217 returning to main menu
2025-09-13 15:08:43,085 - main - INFO - User Бу (ID: 2062888217) started the bot
